
2015-02-05 09:20:28
[INFO]-[Thread: main]-[com.mchange.v2.log.MLog.<clinit>()]: MLog clients using log4j logging.

2015-02-05 09:20:28
[INFO]-[Thread: main]-[com.mchange.v2.c3p0.C3P0Registry.banner()]: Initializing c3p0-0.9.1.2 [built 21-May-2007 15:04:56; debug? true; trace: 10]

2015-02-05 09:20:28
[INFO]-[Thread: main]-[com.mchange.v2.c3p0.impl.AbstractPoolBackedDataSource.getPoolManager()]: Initializing c3p0 pool... com.mchange.v2.c3p0.ComboPooledDataSource [ acquireIncrement -> 2, acquireRetryAttempts -> 30, acquireRetryDelay -> 1000, autoCommitOnClose -> false, automaticTestTable -> null, breakAfterAcquireFailure -> false, checkoutTimeout -> 0, connectionCustomizerClassName -> null, connectionTesterClassName -> com.mchange.v2.c3p0.impl.DefaultConnectionTester, dataSourceName -> 1bqqysc97o896nlex1pij|1318b, debugUnreturnedConnectionStackTraces -> false, description -> null, driverClass -> com.mysql.jdbc.Driver, factoryClassLocation -> null, forceIgnoreUnresolvedTransactions -> false, identityToken -> 1bqqysc97o896nlex1pij|1318b, idleConnectionTestPeriod -> 0, initialPoolSize -> 10, jdbcUrl -> jdbc:mysql://172.17.168.181:3306/passform?characterEncoding=utf8&zeroDateTimeBehavior=convertToNull, maxAdministrativeTaskTime -> 0, maxConnectionAge -> 0, maxIdleTime -> 20, maxIdleTimeExcessConnections -> 0, maxPoolSize -> 100, maxStatements -> 0, maxStatementsPerConnection -> 0, minPoolSize -> 10, numHelperThreads -> 3, numThreadsAwaitingCheckoutDefaultUser -> 0, preferredTestQuery -> null, properties -> {user=******, password=******}, propertyCycle -> 0, testConnectionOnCheckin -> false, testConnectionOnCheckout -> false, unreturnedConnectionTimeout -> 0, usesTraditionalReflectiveProxies -> false ]

2015-02-05 09:20:44
[INFO]-[Thread: qtp22438818-25]-[com.fx.passform.common.CommonController.checkValue()]: 用户状态：[544]

2015-02-05 09:21:06
[INFO]-[Thread: qtp22438818-23]-[com.fx.passform.common.CommonController.modifyPass()]: 用户[bingyang.ma]密码修改成功

2015-02-05 09:21:20
[INFO]-[Thread: qtp22438818-24]-[com.fx.passform.common.CommonController.checkValue()]: 用户状态：[544]

2015-02-05 09:21:34
[INFO]-[Thread: qtp22438818-25]-[com.fx.passform.common.CommonController.modifyPass()]: 用户[bingyang.ma]密码修改成功

2015-02-05 10:54:00
[INFO]-[Thread: main]-[com.mchange.v2.log.MLog.<clinit>()]: MLog clients using log4j logging.

2015-02-05 10:54:00
[INFO]-[Thread: main]-[com.mchange.v2.c3p0.C3P0Registry.banner()]: Initializing c3p0-0.9.1.2 [built 21-May-2007 15:04:56; debug? true; trace: 10]

2015-02-05 10:54:00
[INFO]-[Thread: main]-[com.mchange.v2.c3p0.impl.AbstractPoolBackedDataSource.getPoolManager()]: Initializing c3p0 pool... com.mchange.v2.c3p0.ComboPooledDataSource [ acquireIncrement -> 2, acquireRetryAttempts -> 30, acquireRetryDelay -> 1000, autoCommitOnClose -> false, automaticTestTable -> null, breakAfterAcquireFailure -> false, checkoutTimeout -> 0, connectionCustomizerClassName -> null, connectionTesterClassName -> com.mchange.v2.c3p0.impl.DefaultConnectionTester, dataSourceName -> 1bqqysc97oblggdx1dw5g|88df60, debugUnreturnedConnectionStackTraces -> false, description -> null, driverClass -> com.mysql.jdbc.Driver, factoryClassLocation -> null, forceIgnoreUnresolvedTransactions -> false, identityToken -> 1bqqysc97oblggdx1dw5g|88df60, idleConnectionTestPeriod -> 0, initialPoolSize -> 10, jdbcUrl -> jdbc:mysql://172.17.168.181:3306/passform?characterEncoding=utf8&zeroDateTimeBehavior=convertToNull, maxAdministrativeTaskTime -> 0, maxConnectionAge -> 0, maxIdleTime -> 20, maxIdleTimeExcessConnections -> 0, maxPoolSize -> 100, maxStatements -> 0, maxStatementsPerConnection -> 0, minPoolSize -> 10, numHelperThreads -> 3, numThreadsAwaitingCheckoutDefaultUser -> 0, preferredTestQuery -> null, properties -> {user=******, password=******}, propertyCycle -> 0, testConnectionOnCheckin -> false, testConnectionOnCheckout -> false, unreturnedConnectionTimeout -> 0, usesTraditionalReflectiveProxies -> false ]

2015-02-05 14:07:45
[INFO]-[Thread: main]-[com.mchange.v2.log.MLog.<clinit>()]: MLog clients using log4j logging.

2015-02-05 14:07:46
[INFO]-[Thread: main]-[com.mchange.v2.c3p0.C3P0Registry.banner()]: Initializing c3p0-0.9.1.2 [built 21-May-2007 15:04:56; debug? true; trace: 10]

2015-02-05 14:07:47
[INFO]-[Thread: main]-[com.mchange.v2.c3p0.impl.AbstractPoolBackedDataSource.getPoolManager()]: Initializing c3p0 pool... com.mchange.v2.c3p0.ComboPooledDataSource [ acquireIncrement -> 2, acquireRetryAttempts -> 30, acquireRetryDelay -> 1000, autoCommitOnClose -> false, automaticTestTable -> null, breakAfterAcquireFailure -> false, checkoutTimeout -> 0, connectionCustomizerClassName -> null, connectionTesterClassName -> com.mchange.v2.c3p0.impl.DefaultConnectionTester, dataSourceName -> 1bqqysc97oiimszxd7bnw|1e903d5, debugUnreturnedConnectionStackTraces -> false, description -> null, driverClass -> com.mysql.jdbc.Driver, factoryClassLocation -> null, forceIgnoreUnresolvedTransactions -> false, identityToken -> 1bqqysc97oiimszxd7bnw|1e903d5, idleConnectionTestPeriod -> 0, initialPoolSize -> 10, jdbcUrl -> jdbc:mysql://172.17.168.181:3306/passform?characterEncoding=utf8&zeroDateTimeBehavior=convertToNull, maxAdministrativeTaskTime -> 0, maxConnectionAge -> 0, maxIdleTime -> 20, maxIdleTimeExcessConnections -> 0, maxPoolSize -> 100, maxStatements -> 0, maxStatementsPerConnection -> 0, minPoolSize -> 10, numHelperThreads -> 3, numThreadsAwaitingCheckoutDefaultUser -> 0, preferredTestQuery -> null, properties -> {user=******, password=******}, propertyCycle -> 0, testConnectionOnCheckin -> false, testConnectionOnCheckout -> false, unreturnedConnectionTimeout -> 0, usesTraditionalReflectiveProxies -> false ]

2015-02-05 14:17:09
[INFO]-[Thread: JFinal-Scanner]-[com.mchange.v2.log.MLog.<clinit>()]: MLog clients using log4j logging.

2015-02-05 14:17:09
[INFO]-[Thread: JFinal-Scanner]-[com.mchange.v2.c3p0.C3P0Registry.banner()]: Initializing c3p0-0.9.1.2 [built 21-May-2007 15:04:56; debug? true; trace: 10]

2015-02-05 14:17:09
[INFO]-[Thread: JFinal-Scanner]-[com.mchange.v2.c3p0.impl.AbstractPoolBackedDataSource.getPoolManager()]: Initializing c3p0 pool... com.mchange.v2.c3p0.ComboPooledDataSource [ acquireIncrement -> 2, acquireRetryAttempts -> 30, acquireRetryDelay -> 1000, autoCommitOnClose -> false, automaticTestTable -> null, breakAfterAcquireFailure -> false, checkoutTimeout -> 0, connectionCustomizerClassName -> null, connectionTesterClassName -> com.mchange.v2.c3p0.impl.DefaultConnectionTester, dataSourceName -> 1bqqysc97oiupjkdmdpvh|10a93e5, debugUnreturnedConnectionStackTraces -> false, description -> null, driverClass -> com.mysql.jdbc.Driver, factoryClassLocation -> null, forceIgnoreUnresolvedTransactions -> false, identityToken -> 1bqqysc97oiupjkdmdpvh|10a93e5, idleConnectionTestPeriod -> 0, initialPoolSize -> 10, jdbcUrl -> jdbc:mysql://172.17.168.181:3306/passform?characterEncoding=utf8&zeroDateTimeBehavior=convertToNull, maxAdministrativeTaskTime -> 0, maxConnectionAge -> 0, maxIdleTime -> 20, maxIdleTimeExcessConnections -> 0, maxPoolSize -> 100, maxStatements -> 0, maxStatementsPerConnection -> 0, minPoolSize -> 10, numHelperThreads -> 3, numThreadsAwaitingCheckoutDefaultUser -> 0, preferredTestQuery -> null, properties -> {user=******, password=******}, propertyCycle -> 0, testConnectionOnCheckin -> false, testConnectionOnCheckout -> false, unreturnedConnectionTimeout -> 0, usesTraditionalReflectiveProxies -> false ]

2015-02-05 14:26:49
[INFO]-[Thread: main]-[com.mchange.v2.log.MLog.<clinit>()]: MLog clients using log4j logging.

2015-02-05 14:26:49
[INFO]-[Thread: main]-[com.mchange.v2.c3p0.C3P0Registry.banner()]: Initializing c3p0-0.9.1.2 [built 21-May-2007 15:04:56; debug? true; trace: 10]

2015-02-05 14:26:50
[INFO]-[Thread: main]-[com.mchange.v2.c3p0.impl.AbstractPoolBackedDataSource.getPoolManager()]: Initializing c3p0 pool... com.mchange.v2.c3p0.ComboPooledDataSource [ acquireIncrement -> 2, acquireRetryAttempts -> 30, acquireRetryDelay -> 1000, autoCommitOnClose -> false, automaticTestTable -> null, breakAfterAcquireFailure -> false, checkoutTimeout -> 0, connectionCustomizerClassName -> null, connectionTesterClassName -> com.mchange.v2.c3p0.impl.DefaultConnectionTester, dataSourceName -> 1bqqysc97oj75ms1s1m15|5660d6, debugUnreturnedConnectionStackTraces -> false, description -> null, driverClass -> com.mysql.jdbc.Driver, factoryClassLocation -> null, forceIgnoreUnresolvedTransactions -> false, identityToken -> 1bqqysc97oj75ms1s1m15|5660d6, idleConnectionTestPeriod -> 0, initialPoolSize -> 10, jdbcUrl -> jdbc:mysql://172.17.168.181:3306/passform?characterEncoding=utf8&zeroDateTimeBehavior=convertToNull, maxAdministrativeTaskTime -> 0, maxConnectionAge -> 0, maxIdleTime -> 20, maxIdleTimeExcessConnections -> 0, maxPoolSize -> 100, maxStatements -> 0, maxStatementsPerConnection -> 0, minPoolSize -> 10, numHelperThreads -> 3, numThreadsAwaitingCheckoutDefaultUser -> 0, preferredTestQuery -> null, properties -> {user=******, password=******}, propertyCycle -> 0, testConnectionOnCheckin -> false, testConnectionOnCheckout -> false, unreturnedConnectionTimeout -> 0, usesTraditionalReflectiveProxies -> false ]

2015-02-05 14:49:09
[INFO]-[Thread: main]-[com.mchange.v2.log.MLog.<clinit>()]: MLog clients using log4j logging.

2015-02-05 14:49:10
[INFO]-[Thread: main]-[com.mchange.v2.c3p0.C3P0Registry.banner()]: Initializing c3p0-0.9.1.2 [built 21-May-2007 15:04:56; debug? true; trace: 10]

2015-02-05 14:49:10
[INFO]-[Thread: main]-[com.mchange.v2.c3p0.impl.AbstractPoolBackedDataSource.getPoolManager()]: Initializing c3p0 pool... com.mchange.v2.c3p0.ComboPooledDataSource [ acquireIncrement -> 2, acquireRetryAttempts -> 30, acquireRetryDelay -> 1000, autoCommitOnClose -> false, automaticTestTable -> null, breakAfterAcquireFailure -> false, checkoutTimeout -> 0, connectionCustomizerClassName -> null, connectionTesterClassName -> com.mchange.v2.c3p0.impl.DefaultConnectionTester, dataSourceName -> 1bqqysc97ojzvqgzos91a|5660d6, debugUnreturnedConnectionStackTraces -> false, description -> null, driverClass -> com.mysql.jdbc.Driver, factoryClassLocation -> null, forceIgnoreUnresolvedTransactions -> false, identityToken -> 1bqqysc97ojzvqgzos91a|5660d6, idleConnectionTestPeriod -> 0, initialPoolSize -> 10, jdbcUrl -> jdbc:mysql://172.17.168.181:3306/passform?characterEncoding=utf8&zeroDateTimeBehavior=convertToNull, maxAdministrativeTaskTime -> 0, maxConnectionAge -> 0, maxIdleTime -> 20, maxIdleTimeExcessConnections -> 0, maxPoolSize -> 100, maxStatements -> 0, maxStatementsPerConnection -> 0, minPoolSize -> 10, numHelperThreads -> 3, numThreadsAwaitingCheckoutDefaultUser -> 0, preferredTestQuery -> null, properties -> {user=******, password=******}, propertyCycle -> 0, testConnectionOnCheckin -> false, testConnectionOnCheckout -> false, unreturnedConnectionTimeout -> 0, usesTraditionalReflectiveProxies -> false ]

2015-02-05 16:48:51
[INFO]-[Thread: JFinal-Scanner]-[com.mchange.v2.log.MLog.<clinit>()]: MLog clients using log4j logging.

2015-02-05 16:48:51
[INFO]-[Thread: JFinal-Scanner]-[com.mchange.v2.c3p0.C3P0Registry.banner()]: Initializing c3p0-0.9.1.2 [built 21-May-2007 15:04:56; debug? true; trace: 10]

2015-02-05 16:48:51
[INFO]-[Thread: JFinal-Scanner]-[com.mchange.v2.c3p0.impl.AbstractPoolBackedDataSource.getPoolManager()]: Initializing c3p0 pool... com.mchange.v2.c3p0.ComboPooledDataSource [ acquireIncrement -> 2, acquireRetryAttempts -> 30, acquireRetryDelay -> 1000, autoCommitOnClose -> false, automaticTestTable -> null, breakAfterAcquireFailure -> false, checkoutTimeout -> 0, connectionCustomizerClassName -> null, connectionTesterClassName -> com.mchange.v2.c3p0.impl.DefaultConnectionTester, dataSourceName -> 1bqqysc97oo9svwdizh45|546e92, debugUnreturnedConnectionStackTraces -> false, description -> null, driverClass -> com.mysql.jdbc.Driver, factoryClassLocation -> null, forceIgnoreUnresolvedTransactions -> false, identityToken -> 1bqqysc97oo9svwdizh45|546e92, idleConnectionTestPeriod -> 0, initialPoolSize -> 10, jdbcUrl -> jdbc:mysql://172.17.168.181:3306/passform?characterEncoding=utf8&zeroDateTimeBehavior=convertToNull, maxAdministrativeTaskTime -> 0, maxConnectionAge -> 0, maxIdleTime -> 20, maxIdleTimeExcessConnections -> 0, maxPoolSize -> 100, maxStatements -> 0, maxStatementsPerConnection -> 0, minPoolSize -> 10, numHelperThreads -> 3, numThreadsAwaitingCheckoutDefaultUser -> 0, preferredTestQuery -> null, properties -> {user=******, password=******}, propertyCycle -> 0, testConnectionOnCheckin -> false, testConnectionOnCheckout -> false, unreturnedConnectionTimeout -> 0, usesTraditionalReflectiveProxies -> false ]

2015-02-05 16:50:16
[INFO]-[Thread: JFinal-Scanner]-[com.mchange.v2.log.MLog.<clinit>()]: MLog clients using log4j logging.

2015-02-05 16:50:16
[INFO]-[Thread: JFinal-Scanner]-[com.mchange.v2.c3p0.C3P0Registry.banner()]: Initializing c3p0-0.9.1.2 [built 21-May-2007 15:04:56; debug? true; trace: 10]

2015-02-05 16:50:16
[INFO]-[Thread: JFinal-Scanner]-[com.mchange.v2.c3p0.impl.AbstractPoolBackedDataSource.getPoolManager()]: Initializing c3p0 pool... com.mchange.v2.c3p0.ComboPooledDataSource [ acquireIncrement -> 2, acquireRetryAttempts -> 30, acquireRetryDelay -> 1000, autoCommitOnClose -> false, automaticTestTable -> null, breakAfterAcquireFailure -> false, checkoutTimeout -> 0, connectionCustomizerClassName -> null, connectionTesterClassName -> com.mchange.v2.c3p0.impl.DefaultConnectionTester, dataSourceName -> 1bqqysc97oobme015t5cfx|31c61, debugUnreturnedConnectionStackTraces -> false, description -> null, driverClass -> com.mysql.jdbc.Driver, factoryClassLocation -> null, forceIgnoreUnresolvedTransactions -> false, identityToken -> 1bqqysc97oobme015t5cfx|31c61, idleConnectionTestPeriod -> 0, initialPoolSize -> 10, jdbcUrl -> jdbc:mysql://172.17.168.181:3306/passform?characterEncoding=utf8&zeroDateTimeBehavior=convertToNull, maxAdministrativeTaskTime -> 0, maxConnectionAge -> 0, maxIdleTime -> 20, maxIdleTimeExcessConnections -> 0, maxPoolSize -> 100, maxStatements -> 0, maxStatementsPerConnection -> 0, minPoolSize -> 10, numHelperThreads -> 3, numThreadsAwaitingCheckoutDefaultUser -> 0, preferredTestQuery -> null, properties -> {user=******, password=******}, propertyCycle -> 0, testConnectionOnCheckin -> false, testConnectionOnCheckout -> false, unreturnedConnectionTimeout -> 0, usesTraditionalReflectiveProxies -> false ]

2015-02-05 16:50:43
[INFO]-[Thread: JFinal-Scanner]-[com.mchange.v2.log.MLog.<clinit>()]: MLog clients using log4j logging.

2015-02-05 16:50:43
[INFO]-[Thread: JFinal-Scanner]-[com.mchange.v2.c3p0.C3P0Registry.banner()]: Initializing c3p0-0.9.1.2 [built 21-May-2007 15:04:56; debug? true; trace: 10]

2015-02-05 16:50:43
[INFO]-[Thread: JFinal-Scanner]-[com.mchange.v2.c3p0.impl.AbstractPoolBackedDataSource.getPoolManager()]: Initializing c3p0 pool... com.mchange.v2.c3p0.ComboPooledDataSource [ acquireIncrement -> 2, acquireRetryAttempts -> 30, acquireRetryDelay -> 1000, autoCommitOnClose -> false, automaticTestTable -> null, breakAfterAcquireFailure -> false, checkoutTimeout -> 0, connectionCustomizerClassName -> null, connectionTesterClassName -> com.mchange.v2.c3p0.impl.DefaultConnectionTester, dataSourceName -> 1bqqysc97ooc7fi1f25ip3|1fe3b3, debugUnreturnedConnectionStackTraces -> false, description -> null, driverClass -> com.mysql.jdbc.Driver, factoryClassLocation -> null, forceIgnoreUnresolvedTransactions -> false, identityToken -> 1bqqysc97ooc7fi1f25ip3|1fe3b3, idleConnectionTestPeriod -> 0, initialPoolSize -> 10, jdbcUrl -> jdbc:mysql://172.17.168.181:3306/passform?characterEncoding=utf8&zeroDateTimeBehavior=convertToNull, maxAdministrativeTaskTime -> 0, maxConnectionAge -> 0, maxIdleTime -> 20, maxIdleTimeExcessConnections -> 0, maxPoolSize -> 100, maxStatements -> 0, maxStatementsPerConnection -> 0, minPoolSize -> 10, numHelperThreads -> 3, numThreadsAwaitingCheckoutDefaultUser -> 0, preferredTestQuery -> null, properties -> {user=******, password=******}, propertyCycle -> 0, testConnectionOnCheckin -> false, testConnectionOnCheckout -> false, unreturnedConnectionTimeout -> 0, usesTraditionalReflectiveProxies -> false ]
